[03Sep2024 06:50:31.110] [User Authenticator #8/INFO] [net.minecraft.server.network.ServerLoginPacketListenerImpl/]: UUID of player MoronicCape91 is f259bc7a-dd50-485b-9045-8625c0738aec
[03Sep2024 06:50:31.174] [Netty Epoll Server IO #0/INFO] [Calio/]: Received acknowledgment for login packet with id 0
[03Sep2024 06:50:31.195] [Netty Epoll Server IO #0/INFO] [Calio/]: Received acknowledgment for login packet with id 1
[03Sep2024 06:50:31.243] [Netty Epoll Server IO #0/INFO] [Calio/]: Received acknowledgment for login packet with id 2
[03Sep2024 06:50:31.294] [Netty Epoll Server IO #0/INFO] [Calio/]: Received acknowledgment for login packet with id 3
[03Sep2024 06:50:31.343] [Netty Epoll Server IO #0/INFO] [Calio/]: Received acknowledgment for login packet with id 4
[03Sep2024 06:50:31.393] [Netty Epoll Server IO #0/INFO] [Calio/]: Received acknowledgment for login packet with id 5
[03Sep2024 06:50:31.443] [Netty Epoll Server IO #0/INFO] [Calio/]: Received acknowledgment for login packet with id 6
[03Sep2024 06:50:31.493] [Netty Epoll Server IO #0/INFO] [Calio/]: Received acknowledgment for login packet with id 7
[03Sep2024 06:50:31.543] [Netty Epoll Server IO #0/INFO] [Calio/]: Received acknowledgment for login packet with id 8
[03Sep2024 06:50:31.593] [Netty Epoll Server IO #0/INFO] [Calio/]: Received acknowledgment for login packet with id 9
[03Sep2024 06:50:31.643] [Netty Epoll Server IO #0/INFO] [Calio/]: Received acknowledgment for login packet with id 10
[03Sep2024 06:50:31.693] [Netty Epoll Server IO #0/INFO] [Calio/]: Received acknowledgment for login packet with id 11
[03Sep2024 06:50:31.837] [Netty Epoll Server IO #0/INFO] [Calio/]: Received acknowledgment for login packet with id 12
[03Sep2024 06:50:31.838] [Netty Epoll Server IO #0/INFO] [Calio/]: Received acknowledgment for login packet with id 13
[03Sep2024 06:50:31.850] [Netty Epoll Server IO #0/INFO] [Calio/]: Received acknowledgment for login packet with id 14
[03Sep2024 06:50:31.902] [Netty Epoll Server IO #0/INFO] [Calio/]: Received acknowledgment for login packet with id 15
[03Sep2024 06:50:37.703] [Server thread/INFO] [net.minecraft.server.players.PlayerList/]: MoronicCape91[/93.34.145.55:35912] logged in with entity id 69188 at (-1071.3539765822666, 56.0, 1988.6005794493813)
[03Sep2024 06:50:37.718] [Server thread/INFO] [net.minecraft.server.MinecraftServer/]: MoronicCape91 joined the game
[03Sep2024 06:50:37.756] [Server thread/INFO] [Jade/]: Syncing config to MoronicCape91 (f259bc7a-dd50-485b-9045-8625c0738aec)
[03Sep2024 06:50:39.709] [Server thread/INFO] [com.alrex.parcool.ParCool/]: Limitation of f259bc7a-dd50-485b-9045-8625c0738aec was loaded
[03Sep2024 06:55:05.738] [Server thread/INFO] [net.minecraft.server.network.ServerGamePacketListenerImpl/]: MoronicCape91 lost connection: Disconnected
[03Sep2024 06:55:05.738] [Server thread/INFO] [net.minecraft.server.MinecraftServer/]: MoronicCape91 left the game
[03Sep2024 06:55:05.738] [Server thread/INFO] [com.alrex.parcool.ParCool/]: Limitation of f259bc7a-dd50-485b-9045-8625c0738aec was unloaded
[03Sep2024 10:47:36.627] [User Authenticator #9/INFO] [net.minecraft.server.network.ServerLoginPacketListenerImpl/]: UUID of player Mr_Millenomi is 8f6cf481-8b8c-4da6-a95f-cbf4b57d3a0f
[03Sep2024 10:47:36.666] [Netty Epoll Server IO #3/INFO] [Calio/]: Received acknowledgment for login packet with id 0
[03Sep2024 10:47:36.689] [Netty Epoll Server IO #3/INFO] [Calio/]: Received acknowledgment for login packet with id 1
[03Sep2024 10:47:36.737] [Netty Epoll Server IO #3/INFO] [Calio/]: Received acknowledgment for login packet with id 2
[03Sep2024 10:47:36.795] [Netty Epoll Server IO #3/INFO] [Calio/]: Received acknowledgment for login packet with id 3
[03Sep2024 10:47:36.838] [Netty Epoll Server IO #3/INFO] [Calio/]: Received acknowledgment for login packet with id 4
[03Sep2024 10:47:36.887] [Netty Epoll Server IO #3/INFO] [Calio/]: Received acknowledgment for login packet with id 5
[03Sep2024 10:47:36.937] [Netty Epoll Server IO #3/INFO] [Calio/]: Received acknowledgment for login packet with id 6
[03Sep2024 10:47:36.987] [Netty Epoll Server IO #3/INFO] [Calio/]: Received acknowledgment for login packet with id 7
[03Sep2024 10:47:37.038] [Netty Epoll Server IO #3/INFO] [Calio/]: Received acknowledgment for login packet with id 8
[03Sep2024 10:47:37.088] [Netty Epoll Server IO #3/INFO] [Calio/]: Received acknowledgment for login packet with id 9
[03Sep2024 10:47:37.138] [Netty Epoll Server IO #3/INFO] [Calio/]: Received acknowledgment for login packet with id 10
[03Sep2024 10:47:37.187] [Netty Epoll Server IO #3/INFO] [Calio/]: Received acknowledgment for login packet with id 11
[03Sep2024 10:47:37.304] [Netty Epoll Server IO #3/INFO] [Calio/]: Received acknowledgment for login packet with id 12
[03Sep2024 10:47:37.305] [Netty Epoll Server IO #3/INFO] [Calio/]: Received acknowledgment for login packet with id 13
[03Sep2024 10:47:37.341] [Netty Epoll Server IO #3/INFO] [Calio/]: Received acknowledgment for login packet with id 14
[03Sep2024 10:47:37.420] [Netty Epoll Server IO #3/INFO] [Calio/]: Received acknowledgment for login packet with id 15
[03Sep2024 10:47:43.818] [Server thread/INFO] [net.minecraft.server.players.PlayerList/]: Mr_Millenomi[/81.56.93.19:64459] logged in with entity id 69967 at (-1073.0252895592187, 56.875, 1974.918551086745)
[03Sep2024 10:47:43.838] [Server thread/INFO] [net.minecraft.server.MinecraftServer/]: Mr_Millenomi joined the game
[03Sep2024 10:47:43.862] [Server thread/INFO] [Jade/]: Syncing config to Mr_Millenomi (8f6cf481-8b8c-4da6-a95f-cbf4b57d3a0f)
[03Sep2024 10:48:02.692] [Server thread/INFO] [com.alrex.parcool.ParCool/]: Limitation of 8f6cf481-8b8c-4da6-a95f-cbf4b57d3a0f was loaded
[03Sep2024 10:48:38.739] [User Authenticator #10/INFO] [net.minecraft.server.network.ServerLoginPacketListenerImpl/]: UUID of player evzi is 6b539f79-4174-46b5-bc52-42cd7e2dc416
[03Sep2024 10:48:38.847] [Netty Epoll Server IO #6/INFO] [Calio/]: Received acknowledgment for login packet with id 0
[03Sep2024 10:48:38.873] [Netty Epoll Server IO #6/INFO] [Calio/]: Received acknowledgment for login packet with id 1
[03Sep2024 10:48:38.925] [Netty Epoll Server IO #6/INFO] [Calio/]: Received acknowledgment for login packet with id 2
[03Sep2024 10:48:38.980] [Netty Epoll Server IO #6/INFO] [Calio/]: Received acknowledgment for login packet with id 3
[03Sep2024 10:48:39.024] [Netty Epoll Server IO #6/INFO] [Calio/]: Received acknowledgment for login packet with id 4
[03Sep2024 10:48:39.074] [Netty Epoll Server IO #6/INFO] [Calio/]: Received acknowledgment for login packet with id 5
[03Sep2024 10:48:39.123] [Netty Epoll Server IO #6/INFO] [Calio/]: Received acknowledgment for login packet with id 6
[03Sep2024 10:48:39.173] [Netty Epoll Server IO #6/INFO] [Calio/]: Received acknowledgment for login packet with id 7
[03Sep2024 10:48:39.223] [Netty Epoll Server IO #6/INFO] [Calio/]: Received acknowledgment for login packet with id 8
[03Sep2024 10:48:39.279] [Netty Epoll Server IO #6/INFO] [Calio/]: Received acknowledgment for login packet with id 9
[03Sep2024 10:48:39.328] [Netty Epoll Server IO #6/INFO] [Calio/]: Received acknowledgment for login packet with id 10
[03Sep2024 10:48:39.378] [Netty Epoll Server IO #6/INFO] [Calio/]: Received acknowledgment for login packet with id 11
[03Sep2024 10:48:39.532] [Netty Epoll Server IO #6/INFO] [Calio/]: Received acknowledgment for login packet with id 12
[03Sep2024 10:48:39.533] [Netty Epoll Server IO #6/INFO] [Calio/]: Received acknowledgment for login packet with id 13
[03Sep2024 10:48:39.536] [Netty Epoll Server IO #6/INFO] [Calio/]: Received acknowledgment for login packet with id 14
[03Sep2024 10:48:39.590] [Netty Epoll Server IO #6/INFO] [Calio/]: Received acknowledgment for login packet with id 15
[03Sep2024 10:48:46.063] [Server thread/INFO] [net.minecraft.server.players.PlayerList/]: evzi[/79.42.94.208:52685] logged in with entity id 70236 at (-1383.4024079689782, 35.0, 5470.754860103483)
[03Sep2024 10:48:46.093] [Server thread/INFO] [net.minecraft.server.MinecraftServer/]: evzi joined the game
[03Sep2024 10:48:46.096] [Server thread/INFO] [Jade/]: Syncing config to evzi (6b539f79-4174-46b5-bc52-42cd7e2dc416)
[03Sep2024 10:48:46.801] [Server thread/INFO] [com.alrex.parcool.ParCool/]: Limitation of 6b539f79-4174-46b5-bc52-42cd7e2dc416 was loaded
[03Sep2024 10:48:58.965] [Server thread/INFO] [net.minecraft.server.MinecraftServer/]: <Mr_Millenomi> Ecco
[03Sep2024 10:49:01.511] [Server thread/INFO] [net.minecraft.server.MinecraftServer/]: <Mr_Millenomi> Egli
[03Sep2024 10:52:04.249] [Server thread/INFO] [net.minecraft.server.MinecraftServer/]: <evzi> -1161 2111
[03Sep2024 10:52:34.162] [Worker-Main-399/ERROR] [net.minecraft.world.entity.decoration.HangingEntity/]: Hanging entity at invalid position: BlockPos{x=478, y=-59, z=81}
[03Sep2024 10:52:34.203] [Worker-Main-396/ERROR] [net.minecraft.world.entity.decoration.HangingEntity/]: Hanging entity at invalid position: BlockPos{x=343, y=-59, z=88}
[03Sep2024 10:52:34.203] [Worker-Main-396/ERROR] [net.minecraft.world.entity.decoration.HangingEntity/]: Hanging entity at invalid position: BlockPos{x=338, y=-59, z=88}
[03Sep2024 10:53:06.566] [Server thread/WARN] [net.minecraft.world.entity.EntityType/]: Exception loading entity: 
net.minecraft.ReportedException: Loading entity NBT
	at net.minecraft.world.entity.Entity.m_20258_(Entity.java:1765) ~[server-1.20.1-20230612.114412-srg.jar%23343!/:?]
	at net.minecraft.world.entity.EntityType.m_185988_(EntityType.java:532) ~[server-1.20.1-20230612.114412-srg.jar%23343!/:?]
	at net.minecraft.Util.m_137521_(Util.java:419) ~[server-1.20.1-20230612.114412-srg.jar%23343!/:?]
	at net.minecraft.world.entity.EntityType.m_20642_(EntityType.java:529) ~[server-1.20.1-20230612.114412-srg.jar%23343!/:?]
	at net.minecraft.world.entity.EntityType.m_20669_(EntityType.java:607) ~[server-1.20.1-20230612.114412-srg.jar%23343!/:?]
	at net.minecraft.world.entity.EntityType.m_20645_(EntityType.java:563) ~[server-1.20.1-20230612.114412-srg.jar%23343!/:?]
	at net.minecraft.world.entity.EntityType$1.m_147056_(EntityType.java:584) ~[server-1.20.1-20230612.114412-srg.jar%23343!/:?]
	at java.util.Spliterators$IteratorSpliterator.tryAdvance(Spliterators.java:1856) ~[?:?]
	at net.minecraft.world.entity.EntityType$1.tryAdvance(EntityType.java:583) ~[server-1.20.1-20230612.114412-srg.jar%23343!/:?]
	at java.util.Spliterator.forEachRemaining(Spliterator.java:332) ~[?:?]
	at java.util.stream.AbstractPipeline.copyInto(AbstractPipeline.java:509) ~[?:?]
	at java.util.stream.AbstractPipeline.wrapAndCopyInto(AbstractPipeline.java:499) ~[?:?]
	at java.util.stream.ReduceOps$ReduceOp.evaluateSequential(ReduceOps.java:921) ~[?:?]
	at java.util.stream.AbstractPipeline.evaluate(AbstractPipeline.java:234) ~[?:?]
	at java.util.stream.ReferencePipeline.collect(ReferencePipeline.java:682) ~[?:?]
	at net.minecraft.world.level.chunk.storage.EntityStorage.m_223456_(EntityStorage.java:62) ~[server-1.20.1-20230612.114412-srg.jar%23343!/:?]
	at java.util.concurrent.CompletableFuture$UniApply.tryFire(CompletableFuture.java:646) ~[?:?]
	at java.util.concurrent.CompletableFuture$Completion.run(CompletableFuture.java:482) ~[?:?]
	at net.minecraft.util.thread.ProcessorMailbox.m_18759_(ProcessorMailbox.java:91) ~[server-1.20.1-20230612.114412-srg.jar%23343!/:?]
	at net.minecraft.util.thread.ProcessorMailbox.m_18747_(ProcessorMailbox.java:146) ~[server-1.20.1-20230612.114412-srg.jar%23343!/:?]
	at net.minecraft.util.thread.ProcessorMailbox.run(ProcessorMailbox.java:102) ~[server-1.20.1-20230612.114412-srg.jar%23343!/:?]
	at net.minecraft.server.TickTask.run(TickTask.java:18) ~[server-1.20.1-20230612.114412-srg.jar%23343!/:?]
	at net.minecraft.util.thread.BlockableEventLoop.m_6367_(BlockableEventLoop.java:156) ~[server-1.20.1-20230612.114412-srg.jar%23343!/:?]
	at net.minecraft.util.thread.ReentrantBlockableEventLoop.m_6367_(ReentrantBlockableEventLoop.java:23) ~[server-1.20.1-20230612.114412-srg.jar%23343!/:?]
	at net.minecraft.server.MinecraftServer.m_6367_(MinecraftServer.java:770) ~[server-1.20.1-20230612.114412-srg.jar%23343!/:?]
	at net.minecraft.server.MinecraftServer.m_6367_(MinecraftServer.java:161) ~[server-1.20.1-20230612.114412-srg.jar%23343!/:?]
	at net.minecraft.util.thread.BlockableEventLoop.m_7245_(BlockableEventLoop.java:130) ~[server-1.20.1-20230612.114412-srg.jar%23343!/:?]
	at net.minecraft.server.MinecraftServer.m_129961_(MinecraftServer.java:753) ~[server-1.20.1-20230612.114412-srg.jar%23343!/:?]
	at net.minecraft.server.MinecraftServer.m_7245_(MinecraftServer.java:747) ~[server-1.20.1-20230612.114412-srg.jar%23343!/:?]
	at net.minecraft.util.thread.BlockableEventLoop.m_18699_(BlockableEventLoop.java:115) ~[server-1.20.1-20230612.114412-srg.jar%23343!/:?]
	at net.minecraft.server.MinecraftServer.m_130012_(MinecraftServer.java:732) ~[server-1.20.1-20230612.114412-srg.jar%23343!/:?]
	at net.minecraft.server.MinecraftServer.m_130011_(MinecraftServer.java:665) ~[server-1.20.1-20230612.114412-srg.jar%23343!/:?]
	at net.minecraft.server.MinecraftServer.m_206580_(MinecraftServer.java:251) ~[server-1.20.1-20230612.114412-srg.jar%23343!/:?]
	at java.lang.Thread.run(Thread.java:840) ~[?:?]
Caused by: java.lang.IllegalStateException: Entity has invalid position
	at net.minecraft.world.entity.Entity.m_20258_(Entity.java:1759) ~[server-1.20.1-20230612.114412-srg.jar%23343!/:?]
	... 33 more
[03Sep2024 10:53:54.314] [Server thread/INFO] [net.minecraft.server.MinecraftServer/]: evzi has reached the goal [Quaint Scribe]
[03Sep2024 10:55:51.652] [Server thread/WARN] [net.minecraft.server.level.ServerPlayerGameMode/]: Mismatch in destroy block pos: BlockPos{x=-1348, y=104, z=5172} BlockPos{x=-1348, y=103, z=5172}
[03Sep2024 10:57:16.597] [Server thread/WARN] [net.minecraft.server.network.ServerGamePacketListenerImpl/]: evzi moved too quickly! 9.073866502233841,0.8291870918577047,-4.252136628174412
[03Sep2024 10:57:16.648] [pool-7-thread-2/INFO] [Supplementaries/]: Searching for closest structure among [ResourceKey[minecraft:worldgen/structure / minecraft:village_taiga], ResourceKey[minecraft:worldgen/structure / minecraft:village_savanna], ResourceKey[minecraft:worldgen/structure / minecraft:village_plains], ResourceKey[minecraft:worldgen/structure / minecraft:village_desert], ResourceKey[minecraft:worldgen/structure / minecraft:village_snowy]] from pos BlockPos{x=-1141, y=67, z=5179}
[03Sep2024 10:57:18.298] [Server thread/WARN] [net.minecraft.server.MinecraftServer/]: Can't keep up! Is the server overloaded? Running 2720ms or 54 ticks behind
[03Sep2024 10:57:49.495] [Server thread/WARN] [net.minecraft.world.entity.EntityType/]: Exception loading entity: 
net.minecraft.ReportedException: Loading entity NBT
	at net.minecraft.world.entity.Entity.m_20258_(Entity.java:1765) ~[server-1.20.1-20230612.114412-srg.jar%23343!/:?]
	at net.minecraft.world.entity.EntityType.m_185988_(EntityType.java:532) ~[server-1.20.1-20230612.114412-srg.jar%23343!/:?]
	at net.minecraft.Util.m_137521_(Util.java:419) ~[server-1.20.1-20230612.114412-srg.jar%23343!/:?]
	at net.minecraft.world.entity.EntityType.m_20642_(EntityType.java:529) ~[server-1.20.1-20230612.114412-srg.jar%23343!/:?]
	at net.minecraft.world.entity.EntityType.m_20669_(EntityType.java:607) ~[server-1.20.1-20230612.114412-srg.jar%23343!/:?]
	at net.minecraft.world.entity.EntityType.m_20645_(EntityType.java:563) ~[server-1.20.1-20230612.114412-srg.jar%23343!/:?]
	at net.minecraft.world.entity.EntityType$1.m_147056_(EntityType.java:584) ~[server-1.20.1-20230612.114412-srg.jar%23343!/:?]
	at java.util.Spliterators$IteratorSpliterator.tryAdvance(Spliterators.java:1856) ~[?:?]
	at net.minecraft.world.entity.EntityType$1.tryAdvance(EntityType.java:583) ~[server-1.20.1-20230612.114412-srg.jar%23343!/:?]
	at java.util.Spliterator.forEachRemaining(Spliterator.java:332) ~[?:?]
	at java.util.stream.AbstractPipeline.copyInto(AbstractPipeline.java:509) ~[?:?]
	at java.util.stream.AbstractPipeline.wrapAndCopyInto(AbstractPipeline.java:499) ~[?:?]
	at java.util.stream.ReduceOps$ReduceOp.evaluateSequential(ReduceOps.java:921) ~[?:?]
	at java.util.stream.AbstractPipeline.evaluate(AbstractPipeline.java:234) ~[?:?]
	at java.util.stream.ReferencePipeline.collect(ReferencePipeline.java:682) ~[?:?]
	at net.minecraft.world.level.chunk.storage.EntityStorage.m_223456_(EntityStorage.java:62) ~[server-1.20.1-20230612.114412-srg.jar%23343!/:?]
	at java.util.concurrent.CompletableFuture$UniApply.tryFire(CompletableFuture.java:646) ~[?:?]
	at java.util.concurrent.CompletableFuture$Completion.run(CompletableFuture.java:482) ~[?:?]
	at net.minecraft.util.thread.ProcessorMailbox.m_18759_(ProcessorMailbox.java:91) ~[server-1.20.1-20230612.114412-srg.jar%23343!/:?]
	at net.minecraft.util.thread.ProcessorMailbox.m_18747_(ProcessorMailbox.java:146) ~[server-1.20.1-20230612.114412-srg.jar%23343!/:?]
	at net.minecraft.util.thread.ProcessorMailbox.run(ProcessorMailbox.java:102) ~[server-1.20.1-20230612.114412-srg.jar%23343!/:?]
	at net.minecraft.server.TickTask.run(TickTask.java:18) ~[server-1.20.1-20230612.114412-srg.jar%23343!/:?]
	at net.minecraft.util.thread.BlockableEventLoop.m_6367_(BlockableEventLoop.java:156) ~[server-1.20.1-20230612.114412-srg.jar%23343!/:?]
	at net.minecraft.util.thread.ReentrantBlockableEventLoop.m_6367_(ReentrantBlockableEventLoop.java:23) ~[server-1.20.1-20230612.114412-srg.jar%23343!/:?]
	at net.minecraft.server.MinecraftServer.m_6367_(MinecraftServer.java:770) ~[server-1.20.1-20230612.114412-srg.jar%23343!/:?]
	at net.minecraft.server.MinecraftServer.m_6367_(MinecraftServer.java:161) ~[server-1.20.1-20230612.114412-srg.jar%23343!/:?]
	at net.minecraft.util.thread.BlockableEventLoop.m_7245_(BlockableEventLoop.java:130) ~[server-1.20.1-20230612.114412-srg.jar%23343!/:?]
	at net.minecraft.server.MinecraftServer.m_129961_(MinecraftServer.java:753) ~[server-1.20.1-20230612.114412-srg.jar%23343!/:?]
	at net.minecraft.server.MinecraftServer.m_7245_(MinecraftServer.java:747) ~[server-1.20.1-20230612.114412-srg.jar%23343!/:?]
	at net.minecraft.util.thread.BlockableEventLoop.m_18699_(BlockableEventLoop.java:115) ~[server-1.20.1-20230612.114412-srg.jar%23343!/:?]
	at net.minecraft.server.MinecraftServer.m_130012_(MinecraftServer.java:732) ~[server-1.20.1-20230612.114412-srg.jar%23343!/:?]
	at net.minecraft.server.MinecraftServer.m_130011_(MinecraftServer.java:665) ~[server-1.20.1-20230612.114412-srg.jar%23343!/:?]
	at net.minecraft.server.MinecraftServer.m_206580_(MinecraftServer.java:251) ~[server-1.20.1-20230612.114412-srg.jar%23343!/:?]
	at java.lang.Thread.run(Thread.java:840) ~[?:?]
Caused by: java.lang.IllegalStateException: Entity has invalid position
	at net.minecraft.world.entity.Entity.m_20258_(Entity.java:1759) ~[server-1.20.1-20230612.114412-srg.jar%23343!/:?]
	... 33 more
[03Sep2024 11:01:17.270] [Server thread/WARN] [net.minecraft.server.MinecraftServer/]: Can't keep up! Is the server overloaded? Running 2291ms or 45 ticks behind
[03Sep2024 11:06:03.263] [Server thread/WARN] [net.minecraft.world.entity.EntityType/]: Exception loading entity: 
net.minecraft.ReportedException: Loading entity NBT
	at net.minecraft.world.entity.Entity.m_20258_(Entity.java:1765) ~[server-1.20.1-20230612.114412-srg.jar%23343!/:?]
	at net.minecraft.world.entity.EntityType.m_185988_(EntityType.java:532) ~[server-1.20.1-20230612.114412-srg.jar%23343!/:?]
	at net.minecraft.Util.m_137521_(Util.java:419) ~[server-1.20.1-20230612.114412-srg.jar%23343!/:?]
	at net.minecraft.world.entity.EntityType.m_20642_(EntityType.java:529) ~[server-1.20.1-20230612.114412-srg.jar%23343!/:?]
	at net.minecraft.world.entity.EntityType.m_20669_(EntityType.java:607) ~[server-1.20.1-20230612.114412-srg.jar%23343!/:?]
	at net.minecraft.world.entity.EntityType.m_20645_(EntityType.java:563) ~[server-1.20.1-20230612.114412-srg.jar%23343!/:?]
	at net.minecraft.world.entity.EntityType$1.m_147056_(EntityType.java:584) ~[server-1.20.1-20230612.114412-srg.jar%23343!/:?]
	at java.util.Spliterators$IteratorSpliterator.tryAdvance(Spliterators.java:1856) ~[?:?]
	at net.minecraft.world.entity.EntityType$1.tryAdvance(EntityType.java:583) ~[server-1.20.1-20230612.114412-srg.jar%23343!/:?]
	at java.util.Spliterator.forEachRemaining(Spliterator.java:332) ~[?:?]
	at java.util.stream.AbstractPipeline.copyInto(AbstractPipeline.java:509) ~[?:?]
	at java.util.stream.AbstractPipeline.wrapAndCopyInto(AbstractPipeline.java:499) ~[?:?]
	at java.util.stream.ReduceOps$ReduceOp.evaluateSequential(ReduceOps.java:921) ~[?:?]
	at java.util.stream.AbstractPipeline.evaluate(AbstractPipeline.java:234) ~[?:?]
	at java.util.stream.ReferencePipeline.collect(ReferencePipeline.java:682) ~[?:?]
	at net.minecraft.world.level.chunk.storage.EntityStorage.m_223456_(EntityStorage.java:62) ~[server-1.20.1-20230612.114412-srg.jar%23343!/:?]
	at java.util.concurrent.CompletableFuture$UniApply.tryFire(CompletableFuture.java:646) ~[?:?]
	at java.util.concurrent.CompletableFuture$Completion.run(CompletableFuture.java:482) ~[?:?]
	at net.minecraft.util.thread.ProcessorMailbox.m_18759_(ProcessorMailbox.java:91) ~[server-1.20.1-20230612.114412-srg.jar%23343!/:?]
	at net.minecraft.util.thread.ProcessorMailbox.m_18747_(ProcessorMailbox.java:146) ~[server-1.20.1-20230612.114412-srg.jar%23343!/:?]
	at net.minecraft.util.thread.ProcessorMailbox.run(ProcessorMailbox.java:102) ~[server-1.20.1-20230612.114412-srg.jar%23343!/:?]
	at net.minecraft.server.TickTask.run(TickTask.java:18) ~[server-1.20.1-20230612.114412-srg.jar%23343!/:?]
	at net.minecraft.util.thread.BlockableEventLoop.m_6367_(BlockableEventLoop.java:156) ~[server-1.20.1-20230612.114412-srg.jar%23343!/:?]
	at net.minecraft.util.thread.ReentrantBlockableEventLoop.m_6367_(ReentrantBlockableEventLoop.java:23) ~[server-1.20.1-20230612.114412-srg.jar%23343!/:?]
	at net.minecraft.server.MinecraftServer.m_6367_(MinecraftServer.java:770) ~[server-1.20.1-20230612.114412-srg.jar%23343!/:?]
	at net.minecraft.server.MinecraftServer.m_6367_(MinecraftServer.java:161) ~[server-1.20.1-20230612.114412-srg.jar%23343!/:?]
	at net.minecraft.util.thread.BlockableEventLoop.m_7245_(BlockableEventLoop.java:130) ~[server-1.20.1-20230612.114412-srg.jar%23343!/:?]
	at net.minecraft.server.MinecraftServer.m_129961_(MinecraftServer.java:753) ~[server-1.20.1-20230612.114412-srg.jar%23343!/:?]
	at net.minecraft.server.MinecraftServer.m_7245_(MinecraftServer.java:747) ~[server-1.20.1-20230612.114412-srg.jar%23343!/:?]
	at net.minecraft.util.thread.BlockableEventLoop.m_18699_(BlockableEventLoop.java:115) ~[server-1.20.1-20230612.114412-srg.jar%23343!/:?]
	at net.minecraft.server.MinecraftServer.m_130012_(MinecraftServer.java:732) ~[server-1.20.1-20230612.114412-srg.jar%23343!/:?]
	at net.minecraft.server.MinecraftServer.m_130011_(MinecraftServer.java:665) ~[server-1.20.1-20230612.114412-srg.jar%23343!/:?]
	at net.minecraft.server.MinecraftServer.m_206580_(MinecraftServer.java:251) ~[server-1.20.1-20230612.114412-srg.jar%23343!/:?]
	at java.lang.Thread.run(Thread.java:840) ~[?:?]
Caused by: java.lang.IllegalStateException: Entity has invalid position
	at net.minecraft.world.entity.Entity.m_20258_(Entity.java:1759) ~[server-1.20.1-20230612.114412-srg.jar%23343!/:?]
	... 33 more
[03Sep2024 11:16:28.283] [Worker-Main-402/WARN] [net.minecraft.world.level.levelgen.structure.pools.JigsawPlacement/]: Empty or non-existent pool: minecraft:angler_additions_3_pool
[03Sep2024 11:16:28.283] [Worker-Main-402/WARN] [net.minecraft.world.level.levelgen.structure.pools.JigsawPlacement/]: Empty or non-existent pool: minecraft:cook_additions_1_pool
[03Sep2024 11:16:28.283] [Worker-Main-402/WARN] [net.minecraft.world.level.levelgen.structure.pools.JigsawPlacement/]: Empty or non-existent pool: minecraft:cook_additions_4_pool
[03Sep2024 11:16:28.283] [Worker-Main-402/WARN] [net.minecraft.world.level.levelgen.structure.pools.JigsawPlacement/]: Empty or non-existent pool: minecraft:cook_additions_2_pool
[03Sep2024 11:16:28.283] [Worker-Main-402/WARN] [net.minecraft.world.level.levelgen.structure.pools.JigsawPlacement/]: Empty or non-existent pool: minecraft:cook_end_1_pool
[03Sep2024 11:16:28.283] [Worker-Main-402/WARN] [net.minecraft.world.level.levelgen.structure.pools.JigsawPlacement/]: Empty or non-existent pool: minecraft:cook_additions_3_pool
[03Sep2024 11:16:43.537] [Worker-Main-402/WARN] [net.minecraft.world.level.levelgen.structure.pools.JigsawPlacement/]: Empty or non-existent pool: minecraft:lumberjack_additions_3_pool
[03Sep2024 11:16:43.537] [Worker-Main-402/WARN] [net.minecraft.world.level.levelgen.structure.pools.JigsawPlacement/]: Empty or non-existent pool: minecraft:lumberjack_additions_3_pool
[03Sep2024 11:16:43.538] [Worker-Main-402/WARN] [net.minecraft.world.level.levelgen.structure.pools.JigsawPlacement/]: Empty or non-existent pool: minecraft:lumberjack_additions_3_pool
[03Sep2024 11:16:43.538] [Worker-Main-402/WARN] [net.minecraft.world.level.levelgen.structure.pools.JigsawPlacement/]: Empty or non-existent pool: minecraft:lumberjack_end_1_pool
[03Sep2024 11:16:59.223] [Worker-Main-398/WARN] [net.minecraft.world.level.levelgen.structure.pools.JigsawPlacement/]: Empty or non-existent pool: minecraft:cook_additions_3_pool
[03Sep2024 11:16:59.224] [Worker-Main-398/WARN] [net.minecraft.world.level.levelgen.structure.pools.JigsawPlacement/]: Empty or non-existent pool: minecraft:cook_additions_2_pool
[03Sep2024 11:16:59.224] [Worker-Main-398/WARN] [net.minecraft.world.level.levelgen.structure.pools.JigsawPlacement/]: Empty or non-existent pool: minecraft:cook_additions_1_pool
[03Sep2024 11:16:59.224] [Worker-Main-398/WARN] [net.minecraft.world.level.levelgen.structure.pools.JigsawPlacement/]: Empty or non-existent pool: minecraft:cook_additions_4_pool
[03Sep2024 11:16:59.224] [Worker-Main-398/WARN] [net.minecraft.world.level.levelgen.structure.pools.JigsawPlacement/]: Empty or non-existent pool: minecraft:angler_additions_3_pool
[03Sep2024 11:16:59.224] [Worker-Main-398/WARN] [net.minecraft.world.level.levelgen.structure.pools.JigsawPlacement/]: Empty or non-existent pool: minecraft:angler_additions_3_pool
[03Sep2024 11:16:59.224] [Worker-Main-398/WARN] [net.minecraft.world.level.levelgen.structure.pools.JigsawPlacement/]: Empty or non-existent pool: minecraft:cook_end_1_pool
[03Sep2024 11:16:59.224] [Worker-Main-398/WARN] [net.minecraft.world.level.levelgen.structure.pools.JigsawPlacement/]: Empty or non-existent pool: minecraft:cook_end_1_pool
[03Sep2024 11:17:27.187] [Server thread/WARN] [net.minecraft.server.network.ServerGamePacketListenerImpl/]: evzi moved too quickly! 9.044900813820504,2.024424088213692,-4.062540341212298
[03Sep2024 11:17:27.212] [Server thread/WARN] [net.minecraft.server.MinecraftServer/]: Can't keep up! Is the server overloaded? Running 3734ms or 74 ticks behind
[03Sep2024 11:17:29.955] [Worker-Main-396/WARN] [net.minecraft.world.level.levelgen.structure.pools.JigsawPlacement/]: Empty or non-existent pool: minecraft:angler_additions_3_pool
[03Sep2024 11:18:00.488] [Worker-Main-397/ERROR] [net.minecraft.world.entity.decoration.HangingEntity/]: Hanging entity at invalid position: BlockPos{x=202, y=47, z=211}
[03Sep2024 11:18:14.898] [Worker-Main-401/WARN] [net.minecraft.world.level.levelgen.structure.pools.JigsawPlacement/]: Empty or non-existent pool: minecraft:cook_additions_2_pool
[03Sep2024 11:18:14.899] [Worker-Main-401/WARN] [net.minecraft.world.level.levelgen.structure.pools.JigsawPlacement/]: Empty or non-existent pool: minecraft:cook_additions_4_pool
[03Sep2024 11:18:14.899] [Worker-Main-401/WARN] [net.minecraft.world.level.levelgen.structure.pools.JigsawPlacement/]: Empty or non-existent pool: minecraft:cook_additions_3_pool
[03Sep2024 11:18:18.383] [Worker-Main-396/ERROR] [net.minecraft.world.entity.decoration.HangingEntity/]: Hanging entity at invalid position: BlockPos{x=322, y=-59, z=29}
[03Sep2024 11:18:18.383] [Worker-Main-396/ERROR] [net.minecraft.world.entity.decoration.HangingEntity/]: Hanging entity at invalid position: BlockPos{x=320, y=-54, z=32}
[03Sep2024 11:18:53.495] [Worker-Main-396/WARN] [net.minecraft.world.level.levelgen.structure.pools.JigsawPlacement/]: Empty or non-existent pool: minecraft:angler_additions_3_pool
[03Sep2024 11:18:53.496] [Worker-Main-396/WARN] [net.minecraft.world.level.levelgen.structure.pools.JigsawPlacement/]: Empty or non-existent pool: minecraft:angler_end_1_pool
[03Sep2024 11:18:56.474] [Server thread/WARN] [net.minecraft.server.network.ServerGamePacketListenerImpl/]: evzi moved too quickly! 0.29886704441787515,-5.0,-9.032673406754839
[03Sep2024 11:18:58.898] [Worker-Main-396/WARN] [net.minecraft.world.level.levelgen.structure.pools.JigsawPlacement/]: Empty or non-existent pool: minecraft:
[03Sep2024 11:18:58.899] [Worker-Main-396/WARN] [net.minecraft.world.level.levelgen.structure.pools.JigsawPlacement/]: Empty or non-existent pool: minecraft:
[03Sep2024 11:19:09.001] [Worker-Main-399/ERROR] [net.minecraft.world.entity.decoration.HangingEntity/]: Hanging entity at invalid position: BlockPos{x=250, y=-19, z=151}
[03Sep2024 11:19:09.002] [Worker-Main-399/ERROR] [net.minecraft.world.entity.decoration.HangingEntity/]: Hanging entity at invalid position: BlockPos{x=250, y=-19, z=149}
[03Sep2024 11:19:23.942] [Server thread/WARN] [net.minecraft.server.MinecraftServer/]: Can't keep up! Is the server overloaded? Running 2064ms or 41 ticks behind
[03Sep2024 11:19:33.658] [Server thread/WARN] [net.minecraft.server.network.ServerGamePacketListenerImpl/]: evzi moved too quickly! -3.0954645860620076,6.963425497245851,-6.651146813846026
[03Sep2024 11:19:43.042] [Worker-Main-400/ERROR] [net.minecraft.world.entity.decoration.HangingEntity/]: Hanging entity at invalid position: BlockPos{x=215, y=-21, z=-12}
[03Sep2024 11:19:43.043] [Worker-Main-400/ERROR] [net.minecraft.world.entity.decoration.HangingEntity/]: Hanging entity at invalid position: BlockPos{x=215, y=-21, z=-14}
[03Sep2024 11:19:43.043] [Worker-Main-400/ERROR] [net.minecraft.world.entity.decoration.HangingEntity/]: Hanging entity at invalid position: BlockPos{x=215, y=-21, z=-10}
[03Sep2024 11:19:43.043] [Worker-Main-400/ERROR] [net.minecraft.world.entity.decoration.HangingEntity/]: Hanging entity at invalid position: BlockPos{x=217, y=-21, z=-14}
[03Sep2024 11:19:43.043] [Worker-Main-400/ERROR] [net.minecraft.world.entity.decoration.HangingEntity/]: Hanging entity at invalid position: BlockPos{x=217, y=-21, z=-12}
[03Sep2024 11:19:43.043] [Worker-Main-400/ERROR] [net.minecraft.world.entity.decoration.HangingEntity/]: Hanging entity at invalid position: BlockPos{x=217, y=-21, z=-10}
[03Sep2024 11:20:15.213] [Worker-Main-396/ERROR] [net.minecraft.world.entity.decoration.HangingEntity/]: Hanging entity at invalid position: BlockPos{x=325, y=-54, z=91}
[03Sep2024 11:20:15.213] [Worker-Main-396/ERROR] [net.minecraft.world.entity.decoration.HangingEntity/]: Hanging entity at invalid position: BlockPos{x=325, y=-53, z=85}
[03Sep2024 11:20:15.214] [Worker-Main-396/ERROR] [net.minecraft.world.entity.decoration.HangingEntity/]: Hanging entity at invalid position: BlockPos{x=323, y=-54, z=88}
[03Sep2024 11:20:15.214] [Worker-Main-396/ERROR] [net.minecraft.world.entity.decoration.HangingEntity/]: Hanging entity at invalid position: BlockPos{x=327, y=-54, z=88}
[03Sep2024 11:20:15.214] [Worker-Main-396/ERROR] [net.minecraft.world.entity.decoration.HangingEntity/]: Hanging entity at invalid position: BlockPos{x=325, y=-59, z=86}
[03Sep2024 11:20:15.214] [Worker-Main-396/ERROR] [net.minecraft.world.entity.decoration.HangingEntity/]: Hanging entity at invalid position: BlockPos{x=324, y=-58, z=88}
[03Sep2024 11:20:15.216] [Worker-Main-396/ERROR] [net.minecraft.world.entity.decoration.HangingEntity/]: Hanging entity at invalid position: BlockPos{x=325, y=-54, z=91}
[03Sep2024 11:20:15.217] [Worker-Main-396/ERROR] [net.minecraft.world.entity.decoration.HangingEntity/]: Hanging entity at invalid position: BlockPos{x=325, y=-53, z=85}
[03Sep2024 11:20:15.217] [Worker-Main-396/ERROR] [net.minecraft.world.entity.decoration.HangingEntity/]: Hanging entity at invalid position: BlockPos{x=323, y=-54, z=88}
[03Sep2024 11:20:15.217] [Worker-Main-396/ERROR] [net.minecraft.world.entity.decoration.HangingEntity/]: Hanging entity at invalid position: BlockPos{x=327, y=-54, z=88}
[03Sep2024 11:20:15.217] [Worker-Main-396/ERROR] [net.minecraft.world.entity.decoration.HangingEntity/]: Hanging entity at invalid position: BlockPos{x=325, y=-59, z=86}
[03Sep2024 11:20:15.217] [Worker-Main-396/ERROR] [net.minecraft.world.entity.decoration.HangingEntity/]: Hanging entity at invalid position: BlockPos{x=324, y=-58, z=88}
[03Sep2024 11:20:18.512] [Worker-Main-402/WARN] [net.minecraft.world.level.levelgen.structure.pools.JigsawPlacement/]: Empty or non-existent pool: minecraft:monster_hunter_additions_3_pool
[03Sep2024 11:20:18.513] [Worker-Main-402/WARN] [net.minecraft.world.level.levelgen.structure.pools.JigsawPlacement/]: Empty or non-existent pool: minecraft:monster_hunter_additions_3_pool
[03Sep2024 11:20:20.426] [Worker-Main-396/ERROR] [net.minecraft.world.entity.decoration.HangingEntity/]: Hanging entity at invalid position: BlockPos{x=478, y=-59, z=81}
[03Sep2024 11:20:20.846] [Worker-Main-397/ERROR] [net.minecraft.world.entity.decoration.HangingEntity/]: Hanging entity at invalid position: BlockPos{x=478, y=-59, z=81}
[03Sep2024 11:20:22.463] [Worker-Main-397/ERROR] [net.minecraft.world.entity.decoration.HangingEntity/]: Hanging entity at invalid position: BlockPos{x=358, y=-59, z=87}
[03Sep2024 11:20:22.472] [Worker-Main-396/ERROR] [net.minecraft.world.entity.decoration.HangingEntity/]: Hanging entity at invalid position: BlockPos{x=325, y=-53, z=85}
[03Sep2024 11:20:22.473] [Worker-Main-396/ERROR] [net.minecraft.world.entity.decoration.HangingEntity/]: Hanging entity at invalid position: BlockPos{x=325, y=-59, z=86}
[03Sep2024 11:20:22.475] [Worker-Main-396/ERROR] [net.minecraft.world.entity.decoration.HangingEntity/]: Hanging entity at invalid position: BlockPos{x=357, y=-55, z=89}
[03Sep2024 11:20:22.475] [Worker-Main-396/ERROR] [net.minecraft.world.entity.decoration.HangingEntity/]: Hanging entity at invalid position: BlockPos{x=356, y=-59, z=89}
[03Sep2024 11:20:22.475] [Worker-Main-396/ERROR] [net.minecraft.world.entity.decoration.HangingEntity/]: Hanging entity at invalid position: BlockPos{x=358, y=-59, z=87}
[03Sep2024 11:20:22.692] [Worker-Main-399/ERROR] [net.minecraft.world.entity.decoration.HangingEntity/]: Hanging entity at invalid position: BlockPos{x=323, y=-54, z=88}
[03Sep2024 11:20:22.694] [Worker-Main-399/ERROR] [net.minecraft.world.entity.decoration.HangingEntity/]: Hanging entity at invalid position: BlockPos{x=478, y=-59, z=81}
[03Sep2024 11:20:22.698] [Worker-Main-399/ERROR] [net.minecraft.world.entity.decoration.HangingEntity/]: Hanging entity at invalid position: BlockPos{x=492, y=-59, z=89}
[03Sep2024 11:20:22.698] [Worker-Main-399/ERROR] [net.minecraft.world.entity.decoration.HangingEntity/]: Hanging entity at invalid position: BlockPos{x=493, y=-59, z=89}
[03Sep2024 11:20:22.698] [Worker-Main-399/ERROR] [net.minecraft.world.entity.decoration.HangingEntity/]: Hanging entity at invalid position: BlockPos{x=494, y=-59, z=89}
[03Sep2024 11:20:22.698] [Worker-Main-399/ERROR] [net.minecraft.world.entity.decoration.HangingEntity/]: Hanging entity at invalid position: BlockPos{x=495, y=-59, z=89}
[03Sep2024 11:20:22.711] [Worker-Main-402/ERROR] [net.minecraft.world.entity.decoration.HangingEntity/]: Hanging entity at invalid position: BlockPos{x=495, y=-59, z=93}
[03Sep2024 11:20:22.711] [Worker-Main-402/ERROR] [net.minecraft.world.entity.decoration.HangingEntity/]: Hanging entity at invalid position: BlockPos{x=493, y=-59, z=93}
[03Sep2024 11:20:22.713] [Worker-Main-402/ERROR] [net.minecraft.world.entity.decoration.HangingEntity/]: Hanging entity at invalid position: BlockPos{x=357, y=-55, z=89}
[03Sep2024 11:20:22.713] [Worker-Main-402/ERROR] [net.minecraft.world.entity.decoration.HangingEntity/]: Hanging entity at invalid position: BlockPos{x=356, y=-59, z=89}
[03Sep2024 11:20:22.745] [Worker-Main-399/ERROR] [net.minecraft.world.entity.decoration.HangingEntity/]: Hanging entity at invalid position: BlockPos{x=478, y=-59, z=81}
[03Sep2024 11:20:23.529] [Worker-Main-402/ERROR] [net.minecraft.world.entity.decoration.HangingEntity/]: Hanging entity at invalid position: BlockPos{x=343, y=-59, z=88}
[03Sep2024 11:20:23.911] [Worker-Main-396/ERROR] [net.minecraft.world.entity.decoration.HangingEntity/]: Hanging entity at invalid position: BlockPos{x=338, y=-59, z=88}
[03Sep2024 11:20:24.178] [Worker-Main-401/ERROR] [net.minecraft.world.entity.decoration.HangingEntity/]: Hanging entity at invalid position: BlockPos{x=309, y=-60, z=105}
[03Sep2024 11:20:24.178] [Worker-Main-401/ERROR] [net.minecraft.world.entity.decoration.HangingEntity/]: Hanging entity at invalid position: BlockPos{x=309, y=-60, z=106}
[03Sep2024 11:20:24.178] [Worker-Main-401/ERROR] [net.minecraft.world.entity.decoration.HangingEntity/]: Hanging entity at invalid position: BlockPos{x=308, y=-59, z=105}
[03Sep2024 11:20:24.178] [Worker-Main-401/ERROR] [net.minecraft.world.entity.decoration.HangingEntity/]: Hanging entity at invalid position: BlockPos{x=316, y=-60, z=106}
[03Sep2024 11:20:24.178] [Worker-Main-401/ERROR] [net.minecraft.world.entity.decoration.HangingEntity/]: Hanging entity at invalid position: BlockPos{x=316, y=-60, z=105}
[03Sep2024 11:20:24.178] [Worker-Main-401/ERROR] [net.minecraft.world.entity.decoration.HangingEntity/]: Hanging entity at invalid position: BlockPos{x=317, y=-59, z=106}
[03Sep2024 11:20:24.179] [Worker-Main-401/ERROR] [net.minecraft.world.entity.decoration.HangingEntity/]: Hanging entity at invalid position: BlockPos{x=313, y=-59, z=102}
[03Sep2024 11:20:24.179] [Worker-Main-401/ERROR] [net.minecraft.world.entity.decoration.HangingEntity/]: Hanging entity at invalid position: BlockPos{x=312, y=-60, z=103}
[03Sep2024 11:20:24.179] [Worker-Main-401/ERROR] [net.minecraft.world.entity.decoration.HangingEntity/]: Hanging entity at invalid position: BlockPos{x=313, y=-60, z=103}
[03Sep2024 11:20:24.267] [Worker-Main-396/ERROR] [net.minecraft.world.entity.decoration.HangingEntity/]: Hanging entity at invalid position: BlockPos{x=325, y=-54, z=91}
[03Sep2024 11:20:24.267] [Worker-Main-396/ERROR] [net.minecraft.world.entity.decoration.HangingEntity/]: Hanging entity at invalid position: BlockPos{x=325, y=-53, z=85}
[03Sep2024 11:20:24.268] [Worker-Main-396/ERROR] [net.minecraft.world.entity.decoration.HangingEntity/]: Hanging entity at invalid position: BlockPos{x=327, y=-54, z=88}
[03Sep2024 11:20:24.268] [Worker-Main-396/ERROR] [net.minecraft.world.entity.decoration.HangingEntity/]: Hanging entity at invalid position: BlockPos{x=325, y=-59, z=86}
[03Sep2024 11:20:24.268] [Worker-Main-396/ERROR] [net.minecraft.world.entity.decoration.HangingEntity/]: Hanging entity at invalid position: BlockPos{x=324, y=-58, z=88}
[03Sep2024 11:20:24.323] [Worker-Main-396/ERROR] [net.minecraft.world.entity.decoration.HangingEntity/]: Hanging entity at invalid position: BlockPos{x=325, y=-54, z=91}
[03Sep2024 11:20:24.323] [Worker-Main-396/ERROR] [net.minecraft.world.entity.decoration.HangingEntity/]: Hanging entity at invalid position: BlockPos{x=323, y=-54, z=88}
[03Sep2024 11:20:24.323] [Worker-Main-396/ERROR] [net.minecraft.world.entity.decoration.HangingEntity/]: Hanging entity at invalid position: BlockPos{x=327, y=-54, z=88}
[03Sep2024 11:20:24.324] [Worker-Main-396/ERROR] [net.minecraft.world.entity.decoration.HangingEntity/]: Hanging entity at invalid position: BlockPos{x=324, y=-58, z=88}
[03Sep2024 11:20:25.536] [Worker-Main-402/WARN] [net.minecraft.world.level.levelgen.structure.pools.JigsawPlacement/]: Empty or non-existent pool: minecraft:angler_additions_3_pool
[03Sep2024 11:20:25.536] [Worker-Main-402/WARN] [net.minecraft.world.level.levelgen.structure.pools.JigsawPlacement/]: Empty or non-existent pool: minecraft:angler_end_1_pool
[03Sep2024 11:20:26.552] [Worker-Main-398/ERROR] [net.minecraft.world.entity.decoration.HangingEntity/]: Hanging entity at invalid position: BlockPos{x=447, y=-59, z=84}
[03Sep2024 11:20:27.346] [Worker-Main-399/ERROR] [net.minecraft.world.entity.decoration.HangingEntity/]: Hanging entity at invalid position: BlockPos{x=217, y=48, z=159}
[03Sep2024 11:20:29.275] [Worker-Main-402/ERROR] [net.minecraft.world.entity.decoration.HangingEntity/]: Hanging entity at invalid position: BlockPos{x=308, y=-58, z=89}
[03Sep2024 11:20:29.276] [Worker-Main-402/ERROR] [net.minecraft.world.entity.decoration.HangingEntity/]: Hanging entity at invalid position: BlockPos{x=307, y=-58, z=88}
[03Sep2024 11:20:29.278] [Worker-Main-402/ERROR] [net.minecraft.world.entity.decoration.HangingEntity/]: Hanging entity at invalid position: BlockPos{x=275, y=-58, z=81}
[03Sep2024 11:20:29.279] [Worker-Main-402/ERROR] [net.minecraft.world.entity.decoration.HangingEntity/]: Hanging entity at invalid position: BlockPos{x=280, y=-59, z=87}
[03Sep2024 11:20:29.279] [Worker-Main-402/ERROR] [net.minecraft.world.entity.decoration.HangingEntity/]: Hanging entity at invalid position: BlockPos{x=280, y=-59, z=86}
[03Sep2024 11:20:29.290] [Worker-Main-402/ERROR] [net.minecraft.world.entity.decoration.HangingEntity/]: Hanging entity at invalid position: BlockPos{x=275, y=-58, z=89}
[03Sep2024 11:20:29.291] [Worker-Main-402/ERROR] [net.minecraft.world.entity.decoration.HangingEntity/]: Hanging entity at invalid position: BlockPos{x=280, y=-59, z=88}
[03Sep2024 11:24:40.358] [Server thread/INFO] [net.minecraft.world.entity.LivingEntity/]: Named entity MushroomCow['Gowl the Mad'/90111, l='ServerLevel[world]', x=-1418.06, y=112.00, z=3989.55] died: Gowl the Mad couldn't take evzi's heat
[03Sep2024 11:27:29.406] [Server thread/INFO] [net.minecraft.server.network.ServerGamePacketListenerImpl/]: Mr_Millenomi lost connection: Disconnected
[03Sep2024 11:27:29.406] [Server thread/INFO] [net.minecraft.server.MinecraftServer/]: Mr_Millenomi left the game
[03Sep2024 11:27:29.406] [Server thread/INFO] [com.alrex.parcool.ParCool/]: Limitation of 8f6cf481-8b8c-4da6-a95f-cbf4b57d3a0f was unloaded
[03Sep2024 11:28:19.612] [Worker-Main-397/WARN] [net.minecraft.world.level.levelgen.structure.pools.JigsawPlacement/]: Empty or non-existent pool: minecraft:lumberjack_additions_3_pool
[03Sep2024 11:28:19.612] [Worker-Main-397/WARN] [net.minecraft.world.level.levelgen.structure.pools.JigsawPlacement/]: Empty or non-existent pool: minecraft:lumberjack_additions_3_pool
[03Sep2024 11:28:19.612] [Worker-Main-397/WARN] [net.minecraft.world.level.levelgen.structure.pools.JigsawPlacement/]: Empty or non-existent pool: minecraft:lumberjack_additions_3_pool
[03Sep2024 11:28:19.612] [Worker-Main-397/WARN] [net.minecraft.world.level.levelgen.structure.pools.JigsawPlacement/]: Empty or non-existent pool: minecraft:lumberjack_end_1_pool
